2023-11-11 22:06:48.340  INFO 19316 --- [main] i.g.e.m.MscartoesApplicationTests        : Starting MscartoesApplicationTests using Java 17.0.6 on LAPTOP-O848NQAN with PID 19316 (started by eduardo in C:\Users\eduar\Desktop\Eduardo\projetos back-end\curso-microservices-springcloud\projeto\mscartoes)
2023-11-11 22:06:48.345  INFO 19316 --- [main] i.g.e.m.MscartoesApplicationTests        : No active profile set, falling back to 1 default profile: "default"
2023-11-11 22:06:52.398  INFO 19316 --- [main] .s.d.r.c.RepositoryConfigurationDelegate : Bootstrapping Spring Data JPA repositories in DEFAULT mode.
2023-11-11 22:06:52.888  INFO 19316 --- [main] .s.d.r.c.RepositoryConfigurationDelegate : Finished Spring Data repository scanning in 447 ms. Found 2 JPA repository interfaces.
2023-11-11 22:06:53.852  INFO 19316 --- [main] o.s.cloud.context.scope.GenericScope     : BeanFactory id=36e91afe-b89d-3d7a-b0c0-c2efe959f10a
2023-11-11 22:06:55.583  INFO 19316 --- [main] com.zaxxer.hikari.HikariDataSource       : HikariPool-1 - Starting...
2023-11-11 22:06:56.355  INFO 19316 --- [main] com.zaxxer.hikari.HikariDataSource       : HikariPool-1 - Start completed.
2023-11-11 22:06:56.607  INFO 19316 --- [main] o.hibernate.jpa.internal.util.LogHelper  : HHH000204: Processing PersistenceUnitInfo [name: default]
2023-11-11 22:06:56.897  INFO 19316 --- [main] org.hibernate.Version                    : HHH000412: Hibernate ORM core version 5.6.9.Final
2023-11-11 22:06:57.748  INFO 19316 --- [main] o.hibernate.annotations.common.Version   : HCANN000001: Hibernate Commons Annotations {5.1.2.Final}
2023-11-11 22:06:58.318  INFO 19316 --- [main] org.hibernate.dialect.Dialect            : HHH000400: Using dialect: org.hibernate.dialect.H2Dialect
2023-11-11 22:07:00.222  INFO 19316 --- [main] o.h.e.t.j.p.i.JtaPlatformInitiator       : HHH000490: Using JtaPlatform implementation: [org.hibernate.engine.transaction.jta.platform.internal.NoJtaPlatform]
2023-11-11 22:07:00.247  INFO 19316 --- [main] j.LocalContainerEntityManagerFactoryBean : Initialized JPA EntityManagerFactory for persistence unit 'default'
2023-11-11 22:07:03.078  WARN 19316 --- [main] JpaBaseConfiguration$JpaWebConfiguration : spring.jpa.open-in-view is enabled by default. Therefore, database queries may be performed during view rendering. Explicitly configure spring.jpa.open-in-view to disable this warning
2023-11-11 22:07:14.863  INFO 19316 --- [main] DiscoveryClientOptionalArgsConfiguration : Eureka HTTP Client uses RestTemplate.
2023-11-11 22:07:15.329  WARN 19316 --- [main] iguration$LoadBalancerCaffeineWarnLogger : Spring Cloud LoadBalancer is currently working with the default cache. While this cache implementation is useful for development and tests, it's recommended to use Caffeine cache in production.You can switch to using Caffeine cache, by adding it and org.springframework.cache.caffeine.CaffeineCacheManager to the classpath.
2023-11-11 22:07:15.367  INFO 19316 --- [main] o.s.b.a.e.web.EndpointLinksResolver      : Exposing 17 endpoint(s) beneath base path '/actuator'
2023-11-11 22:07:15.732  INFO 19316 --- [main] o.s.a.r.c.CachingConnectionFactory       : Attempting to connect to: [localhost:5672]
2023-11-11 22:07:15.790  INFO 19316 --- [main] o.s.a.r.l.SimpleMessageListenerContainer : Broker not available; cannot force queue declarations during start: java.net.ConnectException: Connection refused: no further information
2023-11-11 22:07:15.840  INFO 19316 --- [org.springframework.amqp.rabbit.RabbitListenerEndpointContainer#0-1] o.s.a.r.c.CachingConnectionFactory       : Attempting to connect to: [localhost:5672]
2023-11-11 22:07:15.921  INFO 19316 --- [main] i.g.e.m.MscartoesApplicationTests        : Started MscartoesApplicationTests in 30.022 seconds (JVM running for 33.001)
2023-11-11 22:07:17.195  INFO 19316 --- [SpringApplicationShutdownHook] o.s.c.n.eureka.InstanceInfoFactory       : Setting initial instance status as: STARTING
2023-11-11 22:07:17.204  INFO 19316 --- [SpringApplicationShutdownHook] o.s.c.n.e.s.EurekaServiceRegistry        : Unregistering application MSCARTOES with eureka with status DOWN
2023-11-11 22:07:17.219  INFO 19316 --- [org.springframework.amqp.rabbit.RabbitListenerEndpointContainer#0-2] o.s.a.r.l.SimpleMessageListenerContainer : Waiting for workers to finish.
2023-11-11 22:07:17.221  INFO 19316 --- [org.springframework.amqp.rabbit.RabbitListenerEndpointContainer#0-2] o.s.a.r.l.SimpleMessageListenerContainer : Successfully waited for workers to finish.
2023-11-11 22:07:17.249  INFO 19316 --- [SpringApplicationShutdownHook] o.s.a.r.l.SimpleMessageListenerContainer : Shutdown ignored - container is already stopped
2023-11-11 22:07:17.255  INFO 19316 --- [SpringApplicationShutdownHook] j.LocalContainerEntityManagerFactoryBean : Closing JPA EntityManagerFactory for persistence unit 'default'
2023-11-11 22:07:17.273  INFO 19316 --- [SpringApplicationShutdownHook] .SchemaDropperImpl$DelayedDropActionImpl : HHH000477: Starting delayed evictData of schema as part of SessionFactory shut-down'
2023-11-11 22:07:17.325  INFO 19316 --- [SpringApplicationShutdownHook] com.zaxxer.hikari.HikariDataSource       : HikariPool-1 - Shutdown initiated...
2023-11-11 22:07:17.339  INFO 19316 --- [SpringApplicationShutdownHook] com.zaxxer.hikari.HikariDataSource       : HikariPool-1 - Shutdown completed.
